c:\users\john\documents\visual studio 2013\projects\cs474-project3\cs474-project3\debug\vc120.pdb
c:\users\john\documents\visual studio 2013\projects\cs474-project3\cs474-project3\debug\vc120.idb
c:\users\john\documents\visual studio 2013\projects\cs474-project3\cs474-project3\debug\test.obj
c:\users\john\documents\visual studio 2013\projects\cs474-project3\cs474-project3\debug\main.obj
c:\users\john\documents\visual studio 2013\projects\cs474-project3\cs474-project3\debug\creature.obj
c:\users\john\documents\visual studio 2013\projects\cs474-project3\cs474-project3\debug\abstract-2darray.obj
c:\users\john\documents\visual studio 2013\projects\cs474-project3\cs474-project3\debug\tile.obj
c:\users\john\documents\visual studio 2013\projects\cs474-project3\cs474-project3\debug\land.obj
c:\users\john\documents\visual studio 2013\projects\cs474-project3\cs474-project3\debug\squareyard.obj
c:\users\john\documents\visual studio 2013\projects\cs474-project3\cs474-project3\debug\grass.obj
c:\users\john\documents\visual studio 2013\projects\cs474-project3\cs474-project3\debug\rabbit.obj
c:\users\john\documents\visual studio 2013\projects\cs474-project3\debug\cs474-project3.ilk
c:\users\john\documents\visual studio 2013\projects\cs474-project3\debug\cs474-project3.exe
c:\users\john\documents\visual studio 2013\projects\cs474-project3\debug\cs474-project3.pdb
c:\users\john\documents\visual studio 2013\projects\cs474-project3\cs474-project3\debug\cs474-project3.tlog\cl.command.1.tlog
c:\users\john\documents\visual studio 2013\projects\cs474-project3\cs474-project3\debug\cs474-project3.tlog\cl.read.1.tlog
c:\users\john\documents\visual studio 2013\projects\cs474-project3\cs474-project3\debug\cs474-project3.tlog\cl.write.1.tlog
c:\users\john\documents\visual studio 2013\projects\cs474-project3\cs474-project3\debug\cs474-project3.tlog\link.command.1.tlog
c:\users\john\documents\visual studio 2013\projects\cs474-project3\cs474-project3\debug\cs474-project3.tlog\link.read.1.tlog
c:\users\john\documents\visual studio 2013\projects\cs474-project3\cs474-project3\debug\cs474-project3.tlog\link.write.1.tlog
